<?xml version="1.0" encoding="UTF-8"?>
<testsuite xmlns:xsi="http://www.w3.org/2001/XMLSchema-instance" xsi:noNamespaceSchemaLocation="https://maven.apache.org/surefire/maven-surefire-plugin/xsd/surefire-test-report.xsd" name="TestSuite" time="68.258" tests="6" errors="0" skipped="0" failures="0">
  <properties>
[...]
</properties>
  <testcase name="textBoxTestWithDataProviderTest" classname="com.telran.tests.elements.TextBoxTests" time="1.308"/>
  <testcase name="textBoxTestWithDataProviderTest" classname="com.telran.tests.elements.TextBoxTests" time="1.167"/>
  <testcase name="textBoxTestWithDataProviderTest" classname="com.telran.tests.elements.TextBoxTests" time="0.889"/>
  <testcase name="createNewStudentTest" classname="com.telran.tests.forms.PracticeFormTests" time="6.886"/>
  <testcase name="createNewStudentTestWithDataProviderTest" classname="com.telran.tests.forms.PracticeFormTests" time="7.404"/>
  <testcase name="createNewStudentTestWithDataProviderTest" classname="com.telran.tests.forms.PracticeFormTests" time="7.207"/>
</testsuite>