<?xml version="1.0" encoding="UTF-8"?>
<testng-results ignored="0" total="2" passed="2" failed="0" skipped="0">
  <reporter-output>
  </reporter-output>
  <suite started-at="2022-11-01T10:31:04 CET" name="User" finished-at="2022-11-01T10:31:20 CET" duration-ms="16177">
    <groups>
    </groups>
    <test started-at="2022-11-01T10:31:04 CET" name="User" finished-at="2022-11-01T10:31:20 CET" duration-ms="16177">
      <class name="com.telran.tests.bookstore.LoginTests">
        <test-method is-config="true" signature="init()[pri:0, instance:com.telran.tests.bookstore.LoginTests@402c4085]" started-at="2022-11-01T10:31:04 CET" name="init" finished-at="2022-11-01T10:31:10 CET" duration-ms="6357" status="PASS">
          <reporter-output>
          </reporter-output>
        </test-method> <!-- init -->
        <test-method is-config="true" signature="startTest(java.lang.reflect.Method, [Ljava.lang.Object;)[pri:0, instance:com.telran.tests.bookstore.LoginTests@402c4085]" started-at="2022-11-01T10:31:10 CET" name="startTest" finished-at="2022-11-01T10:31:10 CET" duration-ms="6" status="PASS">
          <params>
            <param index="0">
              <value>
                <![CDATA[public void com.telran.tests.bookstore.LoginTests.LoginPositiveParametersTest(java.lang.String,java.lang.String)]]>
              </value>
            </param>
            <param index="1">
              <value>
                <![CDATA[[Ljava.lang.Object;@2c16fadb]]>
              </value>
            </param>
          </params>
          <reporter-output>
          </reporter-output>
        </test-method> <!-- startTest -->
        <test-method is-config="true" signature="ensurePrecondition()[pri:0, instance:com.telran.tests.bookstore.LoginTests@402c4085]" started-at="2022-11-01T10:31:10 CET" name="ensurePrecondition" finished-at="2022-11-01T10:31:10 CET" duration-ms="392" status="PASS">
          <reporter-output>
          </reporter-output>
        </test-method> <!-- ensurePrecondition -->
        <test-method signature="LoginPositiveParametersTest(java.lang.String, java.lang.String)[pri:0, instance:com.telran.tests.bookstore.LoginTests@402c4085]" started-at="2022-11-01T10:31:10 CET" name="LoginPositiveParametersTest" finished-at="2022-11-01T10:31:12 CET" duration-ms="1104" status="PASS">
          <params>
            <param index="0">
              <value>
                <![CDATA[newproject@gmail.com]]>
              </value>
            </param>
            <param index="1">
              <value>
                <![CDATA[123456Rt!]]>
              </value>
            </param>
          </params>
          <reporter-output>
          </reporter-output>
        </test-method> <!-- LoginPositiveParametersTest -->
        <test-method is-config="true" signature="logOut()[pri:0, instance:com.telran.tests.bookstore.LoginTests@402c4085]" started-at="2022-11-01T10:31:12 CET" name="logOut" finished-at="2022-11-01T10:31:12 CET" duration-ms="129" status="PASS">
          <reporter-output>
          </reporter-output>
        </test-method> <!-- logOut -->
        <test-method is-config="true" signature="stopTest(org.testng.ITestResult)[pri:0, instance:com.telran.tests.bookstore.LoginTests@402c4085]" started-at="2022-11-01T10:31:12 CET" name="stopTest" finished-at="2022-11-01T10:31:12 CET" duration-ms="1" status="PASS">
          <params>
            <param index="0">
              <value>
                <![CDATA[[TestResult name=LoginPositiveParametersTest status=SUCCESS method=LoginTests.LoginPositiveParametersTest(java.lang.String, java.lang.String)[pri:0, instance:com.telran.tests.bookstore.LoginTests@402c4085] output={null}]]]>
              </value>
            </param>
          </params>
          <reporter-output>
          </reporter-output>
        </test-method> <!-- stopTest -->
        <test-method is-config="true" signature="init()[pri:0, instance:com.telran.tests.bookstore.LoginTests@402c4085]" started-at="2022-11-01T10:31:12 CET" name="init" finished-at="2022-11-01T10:31:19 CET" duration-ms="6872" status="PASS">
          <reporter-output>
          </reporter-output>
        </test-method> <!-- init -->
        <test-method is-config="true" signature="startTest(java.lang.reflect.Method, [Ljava.lang.Object;)[pri:0, instance:com.telran.tests.bookstore.LoginTests@402c4085]" started-at="2022-11-01T10:31:19 CET" name="startTest" finished-at="2022-11-01T10:31:19 CET" duration-ms="2" status="PASS">
          <params>
            <param index="0">
              <value>
                <![CDATA[public void com.telran.tests.bookstore.LoginTests.LoginPositiveTest()]]>
              </value>
            </param>
            <param index="1">
              <value>
                <![CDATA[[Ljava.lang.Object;@3c7cfcbb]]>
              </value>
            </param>
          </params>
          <reporter-output>
          </reporter-output>
        </test-method> <!-- startTest -->
        <test-method is-config="true" signature="ensurePrecondition()[pri:0, instance:com.telran.tests.bookstore.LoginTests@402c4085]" started-at="2022-11-01T10:31:19 CET" name="ensurePrecondition" finished-at="2022-11-01T10:31:19 CET" duration-ms="244" status="PASS">
          <reporter-output>
          </reporter-output>
        </test-method> <!-- ensurePrecondition -->
        <test-method signature="LoginPositiveTest()[pri:0, instance:com.telran.tests.bookstore.LoginTests@402c4085]" started-at="2022-11-01T10:31:19 CET" name="LoginPositiveTest" finished-at="2022-11-01T10:31:20 CET" duration-ms="945" status="PASS">
          <reporter-output>
          </reporter-output>
        </test-method> <!-- LoginPositiveTest -->
        <test-method is-config="true" signature="logOut()[pri:0, instance:com.telran.tests.bookstore.LoginTests@402c4085]" started-at="2022-11-01T10:31:20 CET" name="logOut" finished-at="2022-11-01T10:31:20 CET" duration-ms="73" status="PASS">
          <reporter-output>
          </reporter-output>
        </test-method> <!-- logOut -->
        <test-method is-config="true" signature="stopTest(org.testng.ITestResult)[pri:0, instance:com.telran.tests.bookstore.LoginTests@402c4085]" started-at="2022-11-01T10:31:20 CET" name="stopTest" finished-at="2022-11-01T10:31:20 CET" duration-ms="1" status="PASS">
          <params>
            <param index="0">
              <value>
                <![CDATA[[TestResult name=LoginPositiveTest status=SUCCESS method=LoginTests.LoginPositiveTest()[pri:0, instance:com.telran.tests.bookstore.LoginTests@402c4085] output={null}]]]>
              </value>
            </param>
          </params>
          <reporter-output>
          </reporter-output>
        </test-method> <!-- stopTest -->
      </class> <!-- com.telran.tests.bookstore.LoginTests -->
    </test> <!-- User -->
  </suite> <!-- User -->
</testng-results>
