<?xml version="1.0" encoding="UTF-8"?>
<!-- Generated by org.testng.reporters.JUnitXMLReporter -->
<testsuite ignored="1" hostname="LAPTOP-ES9UA65O" failures="0" tests="6" name="Forms" time="67.376" errors="0" timestamp="2022-11-01T14:20:42 CET">
  <testcase classname="com.telran.tests.elements.TextBoxTests" name="textBoxTestWithDataProviderTest" time="1.308"/>
  <testcase classname="com.telran.tests.elements.TextBoxTests" name="textBoxTestWithDataProviderTest" time="1.167"/>
  <testcase classname="com.telran.tests.elements.TextBoxTests" name="textBoxTestWithDataProviderTest" time="0.889"/>
  <testcase classname="com.telran.tests.forms.PracticeFormTests" name="createNewStudentTest" time="6.886"/>
  <testcase classname="com.telran.tests.forms.PracticeFormTests" name="createNewStudentTestWithDataProviderTest" time="7.404"/>
  <testcase classname="com.telran.tests.forms.PracticeFormTests" name="createNewStudentTestWithDataProviderTest" time="7.207"/>
  <testcase classname="com.telran.tests.elements.TextBoxTests" name="keyBoardEventTest" time="0.0">
    <ignored/>
  </testcase> <!-- keyBoardEventTest -->
</testsuite> <!-- Forms -->
